0 info it worked if it ends with ok
1 verbose cli [ 'c:\\Program Files\\nodejs\\node.exe',
1 verbose cli   'c:\\Program Files\\nodejs\\node_modules\\npm\\bin\\npm-cli.js',
1 verbose cli   'install',
1 verbose cli   'ng-fi-text' ]
2 info using npm@2.11.3
3 info using node@v0.12.7
4 verbose install initial load of c:\Users\Liz\Desktop\testimonie-site\package.json
5 warn package.json testimonie@1.0.0 No repository field.
6 warn package.json testimonie@1.0.0 No README data
7 verbose installManyTop reading scoped package data from c:\Users\Liz\Desktop\testimonie-site\node_modules\angular\package.json
8 verbose installManyTop reading scoped package data from c:\Users\Liz\Desktop\testimonie-site\node_modules\angular-animate\package.json
9 verbose installManyTop reading scoped package data from c:\Users\Liz\Desktop\testimonie-site\node_modules\angular-aria\package.json
10 verbose installManyTop reading scoped package data from c:\Users\Liz\Desktop\testimonie-site\node_modules\angular-cookies\package.json
11 verbose installManyTop reading scoped package data from c:\Users\Liz\Desktop\testimonie-site\node_modules\angular-material\package.json
12 verbose installManyTop reading scoped package data from c:\Users\Liz\Desktop\testimonie-site\node_modules\angular-resource\package.json
13 verbose installManyTop reading scoped package data from c:\Users\Liz\Desktop\testimonie-site\node_modules\angular-route\package.json
14 verbose installManyTop reading scoped package data from c:\Users\Liz\Desktop\testimonie-site\node_modules\async\package.json
15 verbose installManyTop reading scoped package data from c:\Users\Liz\Desktop\testimonie-site\node_modules\body-parser\package.json
16 verbose installManyTop reading scoped package data from c:\Users\Liz\Desktop\testimonie-site\node_modules\bower\package.json
17 verbose installManyTop reading scoped package data from c:\Users\Liz\Desktop\testimonie-site\node_modules\cookie-parser\package.json
18 verbose installManyTop reading scoped package data from c:\Users\Liz\Desktop\testimonie-site\node_modules\express\package.json
19 verbose installManyTop reading scoped package data from c:\Users\Liz\Desktop\testimonie-site\node_modules\express-session\package.json
20 verbose installManyTop reading scoped package data from c:\Users\Liz\Desktop\testimonie-site\node_modules\faker\package.json
21 verbose installManyTop reading scoped package data from c:\Users\Liz\Desktop\testimonie-site\node_modules\jquery\package.json
22 verbose installManyTop reading scoped package data from c:\Users\Liz\Desktop\testimonie-site\node_modules\jshint\package.json
23 verbose installManyTop reading scoped package data from c:\Users\Liz\Desktop\testimonie-site\node_modules\leaflet\package.json
24 verbose installManyTop reading scoped package data from c:\Users\Liz\Desktop\testimonie-site\node_modules\leaflet-iiif\package.json
25 verbose installManyTop reading scoped package data from c:\Users\Liz\Desktop\testimonie-site\node_modules\mongoose\package.json
26 verbose installManyTop reading scoped package data from c:\Users\Liz\Desktop\testimonie-site\node_modules\multer\package.json
27 verbose installManyTop reading scoped package data from c:\Users\Liz\Desktop\testimonie-site\node_modules\request\package.json
28 info package.json angular-material@1.1.3 No license field.
29 verbose readDependencies loading dependencies from c:\Users\Liz\Desktop\testimonie-site\package.json
30 silly cache add args [ 'ng-fi-text', null ]
31 verbose cache add spec ng-fi-text
32 silly cache add parsed spec { raw: 'ng-fi-text',
32 silly cache add   scope: null,
32 silly cache add   name: 'ng-fi-text',
32 silly cache add   rawSpec: '',
32 silly cache add   spec: '*',
32 silly cache add   type: 'range' }
33 silly addNamed ng-fi-text@*
34 verbose addNamed "*" is a valid semver range for ng-fi-text
35 silly addNameRange { name: 'ng-fi-text', range: '*', hasData: false }
36 silly mapToRegistry name ng-fi-text
37 silly mapToRegistry using default registry
38 silly mapToRegistry registry https://registry.npmjs.org/
39 silly mapToRegistry uri https://registry.npmjs.org/ng-fi-text
40 verbose addNameRange registry:https://registry.npmjs.org/ng-fi-text not in flight; fetching
41 verbose request uri https://registry.npmjs.org/ng-fi-text
42 verbose request no auth needed
43 info attempt registry request try #1 at 1:34:42 AM
44 verbose request id 532afc10ad1af206
45 http request GET https://registry.npmjs.org/ng-fi-text
46 http 404 https://registry.npmjs.org/ng-fi-text
47 verbose headers { 'content-type': 'application/json',
47 verbose headers   'cache-control': 'max-age=0',
47 verbose headers   'content-length': '2',
47 verbose headers   'accept-ranges': 'bytes',
47 verbose headers   date: 'Tue, 21 Feb 2017 09:34:39 GMT',
47 verbose headers   via: '1.1 varnish',
47 verbose headers   age: '0',
47 verbose headers   connection: 'keep-alive',
47 verbose headers   'x-served-by': 'cache-lax8646-LAX',
47 verbose headers   'x-cache': 'MISS',
47 verbose headers   'x-cache-hits': '0',
47 verbose headers   'x-timer': 'S1487669679.384644,VS0,VE350',
47 verbose headers   vary: 'Accept-Encoding' }
48 silly get cb [ 404,
48 silly get   { 'content-type': 'application/json',
48 silly get     'cache-control': 'max-age=0',
48 silly get     'content-length': '2',
48 silly get     'accept-ranges': 'bytes',
48 silly get     date: 'Tue, 21 Feb 2017 09:34:39 GMT',
48 silly get     via: '1.1 varnish',
48 silly get     age: '0',
48 silly get     connection: 'keep-alive',
48 silly get     'x-served-by': 'cache-lax8646-LAX',
48 silly get     'x-cache': 'MISS',
48 silly get     'x-cache-hits': '0',
48 silly get     'x-timer': 'S1487669679.384644,VS0,VE350',
48 silly get     vary: 'Accept-Encoding' } ]
49 verbose stack Error: Registry returned 404 for GET on https://registry.npmjs.org/ng-fi-text
49 verbose stack     at CachingRegistryClient.<anonymous> (c:\Program Files\nodejs\node_modules\npm\node_modules\npm-registry-client\lib\request.js:239:14)
49 verbose stack     at Request._callback (c:\Program Files\nodejs\node_modules\npm\node_modules\npm-registry-client\lib\request.js:170:14)
49 verbose stack     at Request.self.callback (c:\Program Files\nodejs\node_modules\npm\node_modules\request\request.js:354:22)
49 verbose stack     at Request.emit (events.js:110:17)
49 verbose stack     at Request.<anonymous> (c:\Program Files\nodejs\node_modules\npm\node_modules\request\request.js:1207:14)
49 verbose stack     at Request.emit (events.js:129:20)
49 verbose stack     at IncomingMessage.<anonymous> (c:\Program Files\nodejs\node_modules\npm\node_modules\request\request.js:1153:12)
49 verbose stack     at IncomingMessage.emit (events.js:129:20)
49 verbose stack     at _stream_readable.js:908:16
49 verbose stack     at process._tickCallback (node.js:355:11)
50 verbose statusCode 404
51 verbose pkgid ng-fi-text
52 verbose cwd c:\Users\Liz\Desktop\testimonie-site
53 error Windows_NT 6.1.7601
54 error argv "c:\\Program Files\\nodejs\\node.exe" "c:\\Program Files\\nodejs\\node_modules\\npm\\bin\\npm-cli.js" "install" "ng-fi-text"
55 error node v0.12.7
56 error npm  v2.11.3
57 error code E404
58 error 404 Registry returned 404 for GET on https://registry.npmjs.org/ng-fi-text
58 error 404
58 error 404 'ng-fi-text' is not in the npm registry.
58 error 404 You should bug the author to publish it (or use the name yourself!)
58 error 404 It was specified as a dependency of 'testimonie'
58 error 404
58 error 404 Note that you can also install from a
58 error 404 tarball, folder, http url, or git url.
59 verbose exit [ 1, true ]
